
6월 09, 2025 11:50:27.85 NEW SESSION
6월 09, 2025 11:50:27.85 [17724:4032:0609/115027.850:ERROR:chrome\browser\policy\cloud\fm_registration_token_uploader.cc:179] Client is missing for kUser scope
6월 09, 2025 11:50:27.85 WARNING: All log messages before absl::InitializeLog() is called are written to STDERR
6월 09, 2025 11:50:27.86 I0000 00:00:1749437427.855434    9852 voice_transcription.cc:58] Registering VoiceTranscriptionCapability
6월 09, 2025 11:50:27.90 Created TensorFlow Lite XNNPACK delegate for CPU.
6월 09, 2025 11:50:27.95 [17724:11684:0609/115027.952:ERROR:google_apis\gcm\engine\registration_request.cc:291] Registration response error message: DEPRECATED_ENDPOINT
6월 09, 2025 11:50:28.34 [17724:4032:0609/115028.341:ERROR:CONSOLE:1] "Request Extensions.getStorageItems failed. {"code":-32600,"message":"Extension not found."}", source: devtools://devtools/bundled/core/protocol_client/protocol_client.js (1)
6월 09, 2025 11:50:28.34 [17724:4032:0609/115028.341:ERROR:CONSOLE:1] "Request Extensions.getStorageItems failed. {"code":-32600,"message":"Extension not found."}", source: devtools://devtools/bundled/core/protocol_client/protocol_client.js (1)
6월 09, 2025 11:50:28.34 [17724:4032:0609/115028.341:ERROR:CONSOLE:1] "Request Extensions.getStorageItems failed. {"code":-32600,"message":"Extension not found."}", source: devtools://devtools/bundled/core/protocol_client/protocol_client.js (1)
6월 09, 2025 11:50:28.34 [17724:4032:0609/115028.341:ERROR:CONSOLE:1] "Request Extensions.getStorageItems failed. {"code":-32600,"message":"Extension not found."}", source: devtools://devtools/bundled/core/protocol_client/protocol_client.js (1)
6월 09, 2025 11:50:50.79 [17724:11684:0609/115050.793:ERROR:google_apis\gcm\engine\registration_request.cc:291] Registration response error message: DEPRECATED_ENDPOINT
6월 09, 2025 11:51:41.38 [17724:11684:0609/115141.388:ERROR:google_apis\gcm\engine\registration_request.cc:291] Registration response error message: QUOTA_EXCEEDED
6월 09, 2025 12:04:08.92 [17724:4032:0609/120408.925:ERROR:CONSOLE:1] "Request Extensions.getStorageItems failed. {"code":-32600,"message":"Extension not found."}", source: devtools://devtools/bundled/core/protocol_client/protocol_client.js (1)
6월 09, 2025 12:04:08.92 [17724:4032:0609/120408.925:ERROR:CONSOLE:1] "Request Extensions.getStorageItems failed. {"code":-32600,"message":"Extension not found."}", source: devtools://devtools/bundled/core/protocol_client/protocol_client.js (1)
6월 09, 2025 12:04:08.92 [17724:4032:0609/120408.925:ERROR:CONSOLE:1] "Request Extensions.getStorageItems failed. {"code":-32600,"message":"Extension not found."}", source: devtools://devtools/bundled/core/protocol_client/protocol_client.js (1)
6월 09, 2025 12:04:08.92 [17724:4032:0609/120408.925:ERROR:CONSOLE:1] "Request Extensions.getStorageItems failed. {"code":-32600,"message":"Extension not found."}", source: devtools://devtools/bundled/core/protocol_client/protocol_client.js (1)
6월 09, 2025 12:04:29.37 [17724:4032:0609/120429.371:ERROR:CONSOLE:1] "Request Extensions.getStorageItems failed. {"code":-32600,"message":"Extension not found."}", source: devtools://devtools/bundled/core/protocol_client/protocol_client.js (1)
6월 09, 2025 12:04:29.37 [17724:4032:0609/120429.371:ERROR:CONSOLE:1] "Request Extensions.getStorageItems failed. {"code":-32600,"message":"Extension not found."}", source: devtools://devtools/bundled/core/protocol_client/protocol_client.js (1)
6월 09, 2025 12:04:29.37 [17724:4032:0609/120429.371:ERROR:CONSOLE:1] "Request Extensions.getStorageItems failed. {"code":-32600,"message":"Extension not found."}", source: devtools://devtools/bundled/core/protocol_client/protocol_client.js (1)
6월 09, 2025 12:04:29.37 [17724:4032:0609/120429.371:ERROR:CONSOLE:1] "Request Extensions.getStorageItems failed. {"code":-32600,"message":"Extension not found."}", source: devtools://devtools/bundled/core/protocol_client/protocol_client.js (1)
6월 09, 2025 12:07:23.80 [17724:4032:0609/120723.804:ERROR:CONSOLE:1] "Request Extensions.getStorageItems failed. {"code":-32600,"message":"Extension not found."}", source: devtools://devtools/bundled/core/protocol_client/protocol_client.js (1)
6월 09, 2025 12:07:23.80 [17724:4032:0609/120723.804:ERROR:CONSOLE:1] "Request Extensions.getStorageItems failed. {"code":-32600,"message":"Extension not found."}", source: devtools://devtools/bundled/core/protocol_client/protocol_client.js (1)
6월 09, 2025 12:07:23.80 [17724:4032:0609/120723.804:ERROR:CONSOLE:1] "Request Extensions.getStorageItems failed. {"code":-32600,"message":"Extension not found."}", source: devtools://devtools/bundled/core/protocol_client/protocol_client.js (1)
6월 09, 2025 12:07:23.80 [17724:4032:0609/120723.804:ERROR:CONSOLE:1] "Request Extensions.getStorageItems failed. {"code":-32600,"message":"Extension not found."}", source: devtools://devtools/bundled/core/protocol_client/protocol_client.js (1)
6월 09, 2025 12:07:50.25 [17724:4032:0609/120750.257:ERROR:CONSOLE:1] "Request Extensions.getStorageItems failed. {"code":-32600,"message":"Extension not found."}", source: devtools://devtools/bundled/core/protocol_client/protocol_client.js (1)
6월 09, 2025 12:07:50.25 [17724:4032:0609/120750.257:ERROR:CONSOLE:1] "Request Extensions.getStorageItems failed. {"code":-32600,"message":"Extension not found."}", source: devtools://devtools/bundled/core/protocol_client/protocol_client.js (1)
6월 09, 2025 12:07:50.25 [17724:4032:0609/120750.257:ERROR:CONSOLE:1] "Request Extensions.getStorageItems failed. {"code":-32600,"message":"Extension not found."}", source: devtools://devtools/bundled/core/protocol_client/protocol_client.js (1)
6월 09, 2025 12:07:50.25 [17724:4032:0609/120750.257:ERROR:CONSOLE:1] "Request Extensions.getStorageItems failed. {"code":-32600,"message":"Extension not found."}", source: devtools://devtools/bundled/core/protocol_client/protocol_client.js (1)
6월 09, 2025 12:19:42.88 [11512:5656:0609/121942.883:ERROR:chrome\browser\policy\cloud\fm_registration_token_uploader.cc:179] Client is missing for kUser scope
6월 09, 2025 12:19:42.88 WARNING: All log messages before absl::InitializeLog() is called are written to STDERR
6월 09, 2025 12:19:42.88 I0000 00:00:1749439182.888738   16400 voice_transcription.cc:58] Registering VoiceTranscriptionCapability
6월 09, 2025 12:19:42.93 Created TensorFlow Lite XNNPACK delegate for CPU.
6월 09, 2025 12:19:43.07 [11512:3928:0609/121943.074:ERROR:google_apis\gcm\engine\registration_request.cc:291] Registration response error message: DEPRECATED_ENDPOINT
6월 09, 2025 12:20:10.27 [11512:3928:0609/122010.271:ERROR:google_apis\gcm\engine\registration_request.cc:291] Registration response error message: DEPRECATED_ENDPOINT
6월 09, 2025 12:21:01.93 [11512:3928:0609/122101.936:ERROR:google_apis\gcm\engine\registration_request.cc:291] Registration response error message: DEPRECATED_ENDPOINT
6월 09, 2025 12:22:34.78 [11512:3928:0609/122234.785:ERROR:google_apis\gcm\engine\registration_request.cc:291] Registration response error message: DEPRECATED_ENDPOINT
6월 09, 2025 12:25:27.84 [11512:3928:0609/122527.848:ERROR:google_apis\gcm\engine\registration_request.cc:291] Registration response error message: DEPRECATED_ENDPOINT
6월 09, 2025 12:30:57.70 [11512:3928:0609/123057.705:ERROR:google_apis\gcm\engine\registration_request.cc:291] Registration response error message: DEPRECATED_ENDPOINT
6월 09, 2025 15:57:08.98 [11512:5656:0609/155708.981:ERROR:chrome\browser\policy\cloud\fm_registration_token_uploader.cc:179] Client is missing for kUser scope
6월 09, 2025 15:57:09.19 [11512:3928:0609/155709.198:ERROR:google_apis\gcm\engine\registration_request.cc:291] Registration response error message: DEPRECATED_ENDPOINT
6월 09, 2025 15:57:30.14 [11512:3928:0609/155730.146:ERROR:google_apis\gcm\engine\registration_request.cc:291] Registration response error message: DEPRECATED_ENDPOINT
6월 09, 2025 15:58:21.32 [11512:3928:0609/155821.329:ERROR:google_apis\gcm\engine\registration_request.cc:291] Registration response error message: DEPRECATED_ENDPOINT
6월 09, 2025 15:58:55.87 [11512:5656:0609/155855.872:ERROR:chrome\browser\ui\webui\new_tab_page\new_tab_page_handler.cc:1353] NewTabPage loaded into a non-browser-tab context
6월 09, 2025 15:58:55.95 [11512:5656:0609/155855.958:ERROR:extensions\browser\service_worker\service_worker_task_queue.cc:202] DidStartWorkerFail aejoelaoggembcahagimdiliamlcdmfm: 3
6월 09, 2025 15:58:55.95 [11512:5656:0609/155855.958:ERROR:extensions\browser\service_worker\service_worker_task_queue.cc:202] DidStartWorkerFail dheimbmpmkbepjjcobigjacfepohombn: 3
6월 09, 2025 15:58:55.98 [11512:5656:0609/155855.981:ERROR:extensions\browser\service_worker\service_worker_task_queue.cc:202] DidStartWorkerFail dncepekefegjiljlfbihljgogephdhph: 3
6월 09, 2025 15:58:55.98 [11512:5656:0609/155855.982:ERROR:extensions\browser\service_worker\service_worker_task_queue.cc:202] DidStartWorkerFail ligfpkgaijhppilphabeoligampecpce: 3
6월 09, 2025 15:58:55.99 [11512:5656:0609/155855.994:ERROR:extensions\browser\service_worker\service_worker_task_queue.cc:202] DidStartWorkerFail ooadnieabchijkibjpeieeliohjidnjj: 3
6월 09, 2025 15:58:55.99 [11512:5656:0609/155855.995:ERROR:extensions\browser\service_worker\service_worker_task_queue.cc:202] DidStartWorkerFail bfbameneiokkgbdmiekhjnmfkcnldhhm: 3
6월 09, 2025 16:02:52.89 [11512:5656:0609/160252.897:ERROR:chrome\browser\policy\cloud\fm_registration_token_uploader.cc:179] Client is missing for kUser scope
6월 09, 2025 16:02:52.93 [11512:5656:0609/160252.935:ERROR:mojo\public\cpp\bindings\lib\interface_endpoint_client.cc:732] Message 6 rejected by interface blink.mojom.WidgetHost
6월 09, 2025 16:02:52.93 [11512:5656:0609/160252.935:ERROR:mojo\public\cpp\bindings\lib\interface_endpoint_client.cc:732] Message 7 rejected by interface blink.mojom.WidgetHost
6월 09, 2025 16:02:52.93 [11512:5656:0609/160252.936:ERROR:mojo\public\cpp\bindings\lib\interface_endpoint_client.cc:732] Message 0 rejected by interface blink.mojom.WidgetHost
6월 09, 2025 16:02:53.09 [11512:3928:0609/160253.097:ERROR:google_apis\gcm\engine\registration_request.cc:291] Registration response error message: DEPRECATED_ENDPOINT
6월 09, 2025 16:03:14.64 [11512:3928:0609/160314.642:ERROR:google_apis\gcm\engine\registration_request.cc:291] Registration response error message: DEPRECATED_ENDPOINT
6월 09, 2025 16:04:06.56 [11512:3928:0609/160406.567:ERROR:google_apis\gcm\engine\registration_request.cc:291] Registration response error message: DEPRECATED_ENDPOINT
6월 09, 2025 16:04:28.44 [11512:5656:0609/160428.441:ERROR:chrome\browser\ui\webui\new_tab_page\new_tab_page_handler.cc:1353] NewTabPage loaded into a non-browser-tab context
6월 09, 2025 16:12:29.17 [11512:5656:0609/161229.176:ERROR:chrome\browser\policy\cloud\fm_registration_token_uploader.cc:179] Client is missing for kUser scope
6월 09, 2025 16:12:29.35 [11512:3928:0609/161229.351:ERROR:google_apis\gcm\engine\registration_request.cc:291] Registration response error message: DEPRECATED_ENDPOINT
6월 09, 2025 16:12:57.21 [11512:3928:0609/161257.211:ERROR:google_apis\gcm\engine\registration_request.cc:291] Registration response error message: DEPRECATED_ENDPOINT
6월 09, 2025 16:18:18.47 [11512:5656:0609/161818.478:ERROR:chrome\browser\policy\cloud\fm_registration_token_uploader.cc:179] Client is missing for kUser scope
6월 09, 2025 16:18:18.69 [11512:3928:0609/161818.691:ERROR:google_apis\gcm\engine\registration_request.cc:291] Registration response error message: DEPRECATED_ENDPOINT
6월 09, 2025 16:18:45.91 [11512:3928:0609/161845.916:ERROR:google_apis\gcm\engine\registration_request.cc:291] Registration response error message: DEPRECATED_ENDPOINT
6월 09, 2025 16:26:20.89 [11512:5656:0609/162620.897:ERROR:CONSOLE:1] "Request Extensions.getStorageItems failed. {"code":-32600,"message":"Extension not found."}", source: devtools://devtools/bundled/core/protocol_client/protocol_client.js (1)
6월 09, 2025 16:26:20.89 [11512:5656:0609/162620.897:ERROR:CONSOLE:1] "Request Extensions.getStorageItems failed. {"code":-32600,"message":"Extension not found."}", source: devtools://devtools/bundled/core/protocol_client/protocol_client.js (1)
6월 09, 2025 16:26:20.89 [11512:5656:0609/162620.898:ERROR:CONSOLE:1] "Request Extensions.getStorageItems failed. {"code":-32600,"message":"Extension not found."}", source: devtools://devtools/bundled/core/protocol_client/protocol_client.js (1)
6월 09, 2025 16:26:20.89 [11512:5656:0609/162620.898:ERROR:CONSOLE:1] "Request Extensions.getStorageItems failed. {"code":-32600,"message":"Extension not found."}", source: devtools://devtools/bundled/core/protocol_client/protocol_client.js (1)
6월 09, 2025 16:26:27.76 [11512:5656:0609/162627.765:ERROR:CONSOLE:1] "Request Extensions.getStorageItems failed. {"code":-32600,"message":"Extension not found."}", source: devtools://devtools/bundled/core/protocol_client/protocol_client.js (1)
6월 09, 2025 16:26:27.76 [11512:5656:0609/162627.765:ERROR:CONSOLE:1] "Request Extensions.getStorageItems failed. {"code":-32600,"message":"Extension not found."}", source: devtools://devtools/bundled/core/protocol_client/protocol_client.js (1)
6월 09, 2025 16:26:27.76 [11512:5656:0609/162627.765:ERROR:CONSOLE:1] "Request Extensions.getStorageItems failed. {"code":-32600,"message":"Extension not found."}", source: devtools://devtools/bundled/core/protocol_client/protocol_client.js (1)
6월 09, 2025 16:26:27.76 [11512:5656:0609/162627.765:ERROR:CONSOLE:1] "Request Extensions.getStorageItems failed. {"code":-32600,"message":"Extension not found."}", source: devtools://devtools/bundled/core/protocol_client/protocol_client.js (1)
6월 09, 2025 16:29:12.76 [11512:5656:0609/162912.769:ERROR:CONSOLE:1] "Request Extensions.getStorageItems failed. {"code":-32600,"message":"Extension not found."}", source: devtools://devtools/bundled/core/protocol_client/protocol_client.js (1)
6월 09, 2025 16:29:12.76 [11512:5656:0609/162912.769:ERROR:CONSOLE:1] "Request Extensions.getStorageItems failed. {"code":-32600,"message":"Extension not found."}", source: devtools://devtools/bundled/core/protocol_client/protocol_client.js (1)
6월 09, 2025 16:29:12.76 [11512:5656:0609/162912.769:ERROR:CONSOLE:1] "Request Extensions.getStorageItems failed. {"code":-32600,"message":"Extension not found."}", source: devtools://devtools/bundled/core/protocol_client/protocol_client.js (1)
6월 09, 2025 16:29:12.76 [11512:5656:0609/162912.769:ERROR:CONSOLE:1] "Request Extensions.getStorageItems failed. {"code":-32600,"message":"Extension not found."}", source: devtools://devtools/bundled/core/protocol_client/protocol_client.js (1)
6월 09, 2025 16:30:01.02 [11512:5656:0609/163001.021:ERROR:CONSOLE:1] "Request Extensions.getStorageItems failed. {"code":-32600,"message":"Extension not found."}", source: devtools://devtools/bundled/core/protocol_client/protocol_client.js (1)
6월 09, 2025 16:30:01.02 [11512:5656:0609/163001.021:ERROR:CONSOLE:1] "Request Extensions.getStorageItems failed. {"code":-32600,"message":"Extension not found."}", source: devtools://devtools/bundled/core/protocol_client/protocol_client.js (1)
6월 09, 2025 16:30:01.02 [11512:5656:0609/163001.021:ERROR:CONSOLE:1] "Request Extensions.getStorageItems failed. {"code":-32600,"message":"Extension not found."}", source: devtools://devtools/bundled/core/protocol_client/protocol_client.js (1)
6월 09, 2025 16:30:01.02 [11512:5656:0609/163001.021:ERROR:CONSOLE:1] "Request Extensions.getStorageItems failed. {"code":-32600,"message":"Extension not found."}", source: devtools://devtools/bundled/core/protocol_client/protocol_client.js (1)
6월 09, 2025 16:30:03.17 [11512:5656:0609/163003.176:ERROR:CONSOLE:1] "Request Extensions.getStorageItems failed. {"code":-32600,"message":"Extension not found."}", source: devtools://devtools/bundled/core/protocol_client/protocol_client.js (1)
6월 09, 2025 16:30:03.17 [11512:5656:0609/163003.176:ERROR:CONSOLE:1] "Request Extensions.getStorageItems failed. {"code":-32600,"message":"Extension not found."}", source: devtools://devtools/bundled/core/protocol_client/protocol_client.js (1)
6월 09, 2025 16:30:03.17 [11512:5656:0609/163003.176:ERROR:CONSOLE:1] "Request Extensions.getStorageItems failed. {"code":-32600,"message":"Extension not found."}", source: devtools://devtools/bundled/core/protocol_client/protocol_client.js (1)
6월 09, 2025 16:30:03.17 [11512:5656:0609/163003.176:ERROR:CONSOLE:1] "Request Extensions.getStorageItems failed. {"code":-32600,"message":"Extension not found."}", source: devtools://devtools/bundled/core/protocol_client/protocol_client.js (1)
6월 09, 2025 16:30:26.64 [5868:17584:0609/163026.642:ERROR:chrome\browser\policy\cloud\fm_registration_token_uploader.cc:179] Client is missing for kUser scope
6월 09, 2025 16:30:26.65 WARNING: All log messages before absl::InitializeLog() is called are written to STDERR
6월 09, 2025 16:30:26.65 I0000 00:00:1749454226.651712    9356 voice_transcription.cc:58] Registering VoiceTranscriptionCapability
6월 09, 2025 16:30:26.70 Created TensorFlow Lite XNNPACK delegate for CPU.
6월 09, 2025 16:30:26.84 [5868:10336:0609/163026.841:ERROR:google_apis\gcm\engine\registration_request.cc:291] Registration response error message: DEPRECATED_ENDPOINT
6월 09, 2025 16:30:26.86 [5868:17584:0609/163026.861:ERROR:CONSOLE:1] "Request Extensions.getStorageItems failed. {"code":-32600,"message":"Extension not found."}", source: devtools://devtools/bundled/core/protocol_client/protocol_client.js (1)
6월 09, 2025 16:30:26.86 [5868:17584:0609/163026.861:ERROR:CONSOLE:1] "Request Extensions.getStorageItems failed. {"code":-32600,"message":"Extension not found."}", source: devtools://devtools/bundled/core/protocol_client/protocol_client.js (1)
6월 09, 2025 16:30:26.86 [5868:17584:0609/163026.861:ERROR:CONSOLE:1] "Request Extensions.getStorageItems failed. {"code":-32600,"message":"Extension not found."}", source: devtools://devtools/bundled/core/protocol_client/protocol_client.js (1)
6월 09, 2025 16:30:26.86 [5868:17584:0609/163026.861:ERROR:CONSOLE:1] "Request Extensions.getStorageItems failed. {"code":-32600,"message":"Extension not found."}", source: devtools://devtools/bundled/core/protocol_client/protocol_client.js (1)
6월 09, 2025 16:30:56.41 [5868:10336:0609/163056.410:ERROR:google_apis\gcm\engine\registration_request.cc:291] Registration response error message: DEPRECATED_ENDPOINT
6월 09, 2025 16:31:42.05 [5868:10336:0609/163142.050:ERROR:google_apis\gcm\engine\registration_request.cc:291] Registration response error message: DEPRECATED_ENDPOINT
6월 09, 2025 16:31:45.46 [5868:17584:0609/163145.463:ERROR:CONSOLE:1] "Request Extensions.getStorageItems failed. {"code":-32600,"message":"Extension not found."}", source: devtools://devtools/bundled/core/protocol_client/protocol_client.js (1)
6월 09, 2025 16:31:45.46 [5868:17584:0609/163145.463:ERROR:CONSOLE:1] "Request Extensions.getStorageItems failed. {"code":-32600,"message":"Extension not found."}", source: devtools://devtools/bundled/core/protocol_client/protocol_client.js (1)
6월 09, 2025 16:31:45.46 [5868:17584:0609/163145.463:ERROR:CONSOLE:1] "Request Extensions.getStorageItems failed. {"code":-32600,"message":"Extension not found."}", source: devtools://devtools/bundled/core/protocol_client/protocol_client.js (1)
6월 09, 2025 16:31:45.46 [5868:17584:0609/163145.463:ERROR:CONSOLE:1] "Request Extensions.getStorageItems failed. {"code":-32600,"message":"Extension not found."}", source: devtools://devtools/bundled/core/protocol_client/protocol_client.js (1)
6월 09, 2025 16:33:38.53 [5868:10336:0609/163338.537:ERROR:google_apis\gcm\engine\registration_request.cc:291] Registration response error message: DEPRECATED_ENDPOINT
6월 09, 2025 16:36:41.37 [5868:10336:0609/163641.376:ERROR:google_apis\gcm\engine\registration_request.cc:291] Registration response error message: DEPRECATED_ENDPOINT
6월 09, 2025 16:43:30.10 [5868:10336:0609/164330.104:ERROR:google_apis\gcm\engine\registration_request.cc:291] Registration response error message: DEPRECATED_ENDPOINT

6월 10, 2025 11:04:19.63 NEW SESSION
6월 10, 2025 11:04:19.63 [13500:13944:0610/110419.629:ERROR:chrome\browser\policy\cloud\fm_registration_token_uploader.cc:179] Client is missing for kUser scope
6월 10, 2025 11:04:19.65 WARNING: All log messages before absl::InitializeLog() is called are written to STDERR
6월 10, 2025 11:04:19.65 I0000 00:00:1749521059.634866    6376 voice_transcription.cc:58] Registering VoiceTranscriptionCapability
6월 10, 2025 11:04:19.69 Created TensorFlow Lite XNNPACK delegate for CPU.
6월 10, 2025 11:04:19.74 [13500:9912:0610/110419.749:ERROR:google_apis\gcm\engine\registration_request.cc:291] Registration response error message: DEPRECATED_ENDPOINT
6월 10, 2025 11:04:41.45 [13500:9912:0610/110441.457:ERROR:google_apis\gcm\engine\registration_request.cc:291] Registration response error message: DEPRECATED_ENDPOINT
6월 10, 2025 11:05:41.47 [13500:9912:0610/110541.474:ERROR:google_apis\gcm\engine\registration_request.cc:291] Registration response error message: DEPRECATED_ENDPOINT
6월 10, 2025 11:07:17.39 [13500:9912:0610/110717.396:ERROR:google_apis\gcm\engine\registration_request.cc:291] Registration response error message: DEPRECATED_ENDPOINT
6월 10, 2025 11:10:28.82 [13500:9912:0610/111028.824:ERROR:google_apis\gcm\engine\registration_request.cc:291] Registration response error message: DEPRECATED_ENDPOINT
